<?xml version="1.0" encoding="UTF-8"?>
<testng-results ignored="0" total="1" passed="1" failed="0" skipped="0">
  <reporter-output>
  </reporter-output>
  <suite started-at="2022-11-07T13:34:01 IST" name="Default suite" finished-at="2022-11-07T13:34:36 IST" duration-ms="34785">
    <groups>
    </groups>
    <test started-at="2022-11-07T13:34:01 IST" name="Default test" finished-at="2022-11-07T13:34:36 IST" duration-ms="34785">
      <class name="TestCase.TestCase">
        <test-method is-config="true" signature="initializeDriver()[pri:0, instance:TestCase.TestCase@4c371370]" started-at="2022-11-07T13:34:01 IST" name="initializeDriver" finished-at="2022-11-07T13:34:22 IST" duration-ms="21257" status="PASS">
          <reporter-output>
          </reporter-output>
        </test-method> <!-- initializeDriver -->
        <test-method signature="TC001_happyPath()[pri:0, instance:TestCase.TestCase@4c371370]" started-at="2022-11-07T13:34:22 IST" name="TC001_happyPath" finished-at="2022-11-07T13:34:35 IST" duration-ms="12381" status="PASS">
          <reporter-output>
          </reporter-output>
        </test-method> <!-- TC001_happyPath -->
        <test-method is-config="true" signature="closeBrowser()[pri:0, instance:TestCase.TestCase@4c371370]" started-at="2022-11-07T13:34:35 IST" name="closeBrowser" finished-at="2022-11-07T13:34:36 IST" duration-ms="894" status="PASS">
          <reporter-output>
          </reporter-output>
        </test-method> <!-- closeBrowser -->
      </class> <!-- TestCase.TestCase -->
    </test> <!-- Default test -->
  </suite> <!-- Default suite -->
</testng-results>
